<?xml version="1.0" encoding="UTF-8"?>
<!-- Generated by org.testng.reporters.JUnitReportReporter -->
<testsuite hostname="DESKTOP-PRQ128L" failures="0" tests="1" name="TestSuite.New42BookOnlineJourney" time="16.823" errors="0" timestamp="2021-02-25T23:47:00 IST" skipped="0">
  <testcase classname="TestSuite.New42BookOnlineJourney" name="code" time="16.823"/>
  <system-out/>
</testsuite> <!-- TestSuite.New42BookOnlineJourney -->
